[2019-03-12 22:20:26] recipe.INFO: GET recipes list {"count":5} []
[2019-03-12 22:20:41] recipe.INFO: GET ingredients list {"count":16} []
[2019-03-12 22:20:55] recipe.INFO: GET Lunch! [] []
[2019-03-12 22:21:38] recipe.INFO: GET ingredients list {"count":16} []
[2019-03-12 22:22:01] recipe.WARNING: No data loaded {"data_directory":"../data/","getcwd":"../pub"} []
[2019-03-12 22:22:01] recipe.INFO: GET ingredients list {"count":0} []
[2019-03-12 22:22:44] recipe.INFO: GET ingredients list {"count":16} []
[2019-03-12 23:10:09] recipe.INFO: GET ingredients list {"count":16} []
[2019-03-13 00:00:28] recipe.INFO: GET ingredients list {"count":16} []
[2019-03-13 00:00:31] recipe.INFO: GET Lunch! [] []
[2019-03-13 00:00:35] recipe.INFO: GET recipes list {"count":5} []
[2019-03-13 00:00:37] recipe.INFO: GET ingredients list {"count":16} []
[2019-03-13 02:45:20] recipe.INFO: GET ingredients list {"count":16} []
[2019-03-13 02:49:34] recipe.INFO: GET lunch list {"count":0} []
[2019-03-13 02:50:08] recipe.INFO: GET lunch list {"count":0} []
[2019-03-13 04:55:39] recipe.INFO: GET recipes list {"count":5} []
[2019-03-13 06:25:45] recipe.INFO: GET recipes list {"count":5} []
[2019-03-13 06:26:04] recipe.INFO: GET lunch list {"count":3} []
[2019-03-13 09:07:41] recipe.INFO: GET lunch list {"count":3} []
[2019-03-13 09:07:43] recipe.INFO: GET lunch list {"count":3} []
[2019-03-13 09:08:13] recipe.INFO: GET recipes list {"count":5} []
[2019-03-13 09:08:22] recipe.INFO: GET ingredients list {"count":16} []
[2019-03-13 09:08:34] recipe.INFO: GET lunch list {"count":3} []
[2019-03-13 09:24:00] recipe.INFO: GET lunch list {"count":3} []
[2019-03-13 09:24:04] recipe.INFO: GET ingredients list {"count":16} []
[2019-03-13 09:25:47] recipe.INFO: GET lunch list {"count":3,"today":"2019-03-13"} []
[2019-03-13 21:48:39] recipe.INFO: GET ingredients list {"count":16} []
[2019-03-13 21:49:03] recipe.INFO: GET lunch list {"count":1,"today":"2019-03-13"} []
[2019-03-13 21:49:19] recipe.INFO: GET lunch list {"count":2,"today":"2019-02-25"} []
